2024-05-14 20:33:12.094+0000 INFO  [o.n.g.f.m.GlobalModule] Logging config in use: Embedded default config 'default-server-logs.xml'
2024-05-14 20:33:12.211+0000 WARN  [o.n.k.i.JvmChecker] The max heap memory has not been configured. It is recommended that it is always explicitly configured, to ensure the system has a balanced configuration. Until then, a JVM computed heuristic of 2071986176 bytes is used instead. If you are running neo4j server, you need to configure server.memory.heap.max_size in neo4j.conf. If you are running neo4j embedded, you have to launch the JVM with -Xmx set to a value. You can run neo4j-admin server memory-recommendation for memory configuration suggestions.
2024-05-14 20:33:12.213+0000 WARN  [o.n.k.i.JvmChecker] The initial heap memory has not been configured. It is recommended that it is always explicitly configured, to ensure the system has a balanced configuration. Until then, a JVM computed heuristic of 130023424 bytes is used instead. If you are running neo4j server, you need to configure server.memory.heap.initial_size in neo4j.conf. If you are running neo4j embedded, you have to launch the JVM with -Xms set to a value. You can run neo4j-admin server memory-recommendation for memory configuration suggestions.
2024-05-14 20:33:12.233+0000 WARN  [o.n.i.p.PageCache] Reflection access to java.nio.DirectByteBuffer is not available, using fallback mode. This could have negative impact on performance and memory usage. Consider adding --add-opens=java.base/java.nio=ALL-UNNAMED to VM options.
2024-05-14 20:33:12.323+0000 INFO  [o.n.i.d.DiagnosticsManager] 
                                                                ********************************************************************************
                                                                                             [ System diagnostics ]                             
                                                                ********************************************************************************
                                                                --------------------------------------------------------------------------------
                                                                                         [ System memory information ]                          
                                                                --------------------------------------------------------------------------------
                                                                Total Physical memory: 7.715GiB
                                                                Free Physical memory: 2.580GiB
                                                                Committed virtual memory: 6.253GiB
                                                                Total swap space: 2.000GiB
                                                                Free swap space: 2.000GiB
                                                                
                                                                --------------------------------------------------------------------------------
                                                                                           [ JVM memory information ]                           
                                                                --------------------------------------------------------------------------------
                                                                Free  memory: 72.45MiB
                                                                Total memory: 104.0MiB
                                                                Max   memory: 1.930GiB
                                                                Garbage Collector: G1 Young Generation: [G1 Eden Space, G1 Survivor Space, G1 Old Gen]
                                                                Garbage Collector: G1 Old Generation: [G1 Eden Space, G1 Survivor Space, G1 Old Gen]
                                                                Memory Pool: CodeHeap 'non-nmethods' (Non-heap memory): committed=2.938MiB, used=2.871MiB, max=7.254MiB, threshold=0B
                                                                Memory Pool: Metaspace (Non-heap memory): committed=21.75MiB, used=21.47MiB, max=-1B, threshold=0B
                                                                Memory Pool: CodeHeap 'profiled nmethods' (Non-heap memory): committed=5.375MiB, used=5.314MiB, max=116.4MiB, threshold=0B
                                                                Memory Pool: Compressed Class Space (Non-heap memory): committed=2.438MiB, used=2.295MiB, max=1.000GiB, threshold=0B
                                                                Memory Pool: G1 Eden Space (Heap memory): committed=75.00MiB, used=3.000MiB, max=-1B, threshold=?
                                                                Memory Pool: G1 Old Gen (Heap memory): committed=28.00MiB, used=27.43MiB, max=1.930GiB, threshold=0B
                                                                Memory Pool: G1 Survivor Space (Heap memory): committed=1.000MiB, used=625.2KiB, max=-1B, threshold=?
                                                                Memory Pool: CodeHeap 'non-profiled nmethods' (Non-heap memory): committed=2.438MiB, used=1.324MiB, max=116.4MiB, threshold=0B
                                                                
                                                                --------------------------------------------------------------------------------
                                                                                        [ Operating system information ]                        
                                                                --------------------------------------------------------------------------------
                                                                Operating System: Linux; version: 5.15.146.1-microsoft-standard-WSL2; arch: amd64; cpus: 16
                                                                Max number of file descriptors: 1048576
                                                                Number of open file descriptors: 236
                                                                Process id: 7
                                                                Byte order: LITTLE_ENDIAN
                                                                Local timezone: Etc/UTC
                                                                Memory page size: 4096
                                                                Unaligned memory access allowed: true
                                                                
                                                                --------------------------------------------------------------------------------
                                                                                              [ JVM information ]                               
                                                                --------------------------------------------------------------------------------
                                                                VM Name: OpenJDK 64-Bit Server VM
                                                                VM Vendor: Eclipse Adoptium
                                                                VM Version: 17.0.11+9
                                                                JIT compiler: HotSpot 64-Bit Tiered Compilers
                                                                VM Arguments: [-Dfile.encoding=UTF-8]
                                                                
                                                                --------------------------------------------------------------------------------
                                                                                               [ Java classpath ]                               
                                                                --------------------------------------------------------------------------------
                                                                 [classpath] /var/lib/neo4j/lib/neo4j-cypher-config-5.19.0.jar
                                                                 [classpath] /var/lib/neo4j/lib/netty-transport-native-epoll-4.1.107.Final-linux-x86_64.jar
                                                                 [classpath] /var/lib/neo4j/lib/neo4j-diagnostics-5.19.0.jar
                                                                 [classpath] /var/lib/neo4j/lib/netty-common-4.1.107.Final.jar
                                                                 [classpath] /var/lib/neo4j/lib/netty-codec-http2-4.1.107.Final.jar
                                                                 [classpath] /var/lib/neo4j/lib/netty-tcnative-classes-2.0.61.Final.jar
                                                                 [classpath] /var/lib/neo4j/lib/jetty-alpn-server-10.0.20.jar
                                                                 [classpath] /var/lib/neo4j/lib/jaxb-runtime-2.3.2.jar
                                                                 [classpath] /var/lib/neo4j/lib/neo4j-cypher-macros-5.19.0.jar
                                                                 [classpath] /var/lib/neo4j/lib/guava-33.0.0-jre.jar
                                                                 [classpath] /var/lib/neo4j/lib/neo4j-fabric-5.19.0.jar
                                                                 [classpath] /var/lib/neo4j/lib/neo4j-cypher-physical-planning-5.19.0.jar
                                                                 [classpath] /var/lib/neo4j/lib/netty-tcnative-boringssl-static-2.0.61.Final-windows-x86_64.jar
                                                                 [classpath] /var/lib/neo4j/lib/neo4j-index-5.19.0.jar
                                                                 [classpath] /var/lib/neo4j/lib/netty-transport-4.1.107.Final.jar
                                                                 [classpath] /var/lib/neo4j/lib/jersey-container-servlet-2.34.jar
                                                                 [classpath] /var/lib/neo4j/lib/neo4j-cypher-interpreted-runtime-5.19.0.jar
                                                                 [classpath] /var/lib/neo4j/lib/caffeine-3.1.8.jar
                                                                 [classpath] /var/lib/neo4j/lib/magnolia_2.13-1.1.8.jar
                                                                 [classpath] /var/lib/neo4j/lib/scala-library-2.13.11.jar
                                                                 [classpath] /var/lib/neo4j/lib/lucene-core-9.10.0.jar
                                                                 [classpath] /var/lib/neo4j/lib/arrow-memory-core-15.0.0.jar
                                                                 [classpath] /var/lib/neo4j/lib/lucene-analysis-common-9.10.0.jar
                                                                 [classpath] /var/lib/neo4j/lib/neo4j-exceptions-5.19.0.jar
                                                                 [classpath] /var/lib/neo4j/lib/cypher-shell-5.19.0.jar
                                                                 [classpath] /var/lib/neo4j/lib/neo4j-cypher-slotted-runtime-5.19.0.jar
                                                                 [classpath] /var/lib/neo4j/lib/jetty-io-10.0.20.jar
                                                                 [classpath] /var/lib/neo4j/lib/jetty-servlet-10.0.20.jar
                                                                 [classpath] /var/lib/neo4j/conf/*
                                                                 [classpath] /var/lib/neo4j/lib/WMI4Java-1.6.3.jar
                                                                 [classpath] /var/lib/neo4j/lib/netty-transport-native-kqueue-4.1.107.Final-osx-x86_64.jar
                                                                 [classpath] /var/lib/neo4j/lib/jakarta.xml.bind-api-2.3.2.jar
                                                                 [classpath] /var/lib/neo4j/lib/jProcesses-1.6.5.jar
                                                                 [classpath] /var/lib/neo4j/lib/neo4j-ast-5.19.0.jar
                                                                 [classpath] /var/lib/neo4j/lib/netty-tcnative-boringssl-static-2.0.61.Final.jar
                                                                 [classpath] /var/lib/neo4j/lib/hk2-locator-2.6.1.jar
                                                                 [classpath] /var/lib/neo4j/lib/neo4j-collections-5.19.0.jar
                                                                 [classpath] /var/lib/neo4j/lib/neo4j-util-5.19.0.jar
                                                                 [classpath] /var/lib/neo4j/lib/neo4j-layout-5.19.0.jar
                                                                 [classpath] /var/lib/neo4j/lib/eclipse-collections-api-11.1.0.jar
                                                                 [classpath] /var/lib/neo4j/lib/neo4j-unsafe-5.19.0.jar
                                                                 [classpath] /var/lib/neo4j/lib/jersey-container-servlet-core-2.34.jar
                                                                 [classpath] /var/lib/neo4j/lib/cypher-ast-factory-5.19.0.jar
                                                                 [classpath] /var/lib/neo4j/lib/jansi-2.4.0.jar
                                                                 [classpath] /var/lib/neo4j/lib/neo4j-kernel-5.19.0.jar
                                                                 [classpath] /var/lib/neo4j/lib/jetty-xml-10.0.20.jar
                                                                 [classpath] /var/lib/neo4j/lib/neo4j-data-collector-5.19.0.jar
                                                                 [classpath] /var/lib/neo4j/lib/neo4j-consistency-check-5.19.0.jar
                                                                 [classpath] /var/lib/neo4j/lib/flight-core-15.0.0.jar
                                                                 [classpath] /var/lib/neo4j/lib/jline-terminal-3.21.0.jar
                                                                 [classpath] /var/lib/neo4j/lib/neo4j-front-end-5.19.0.jar
                                                                 [classpath] /var/lib/neo4j/lib/grpc-protobuf-lite-1.62.2.jar
                                                                 [classpath] /var/lib/neo4j/lib/arrow-vector-15.0.0.jar
                                                                 [classpath] /var/lib/neo4j/lib/commons-logging-1.3.0.jar
                                                                 [classpath] /var/lib/neo4j/lib/neo4j-cypher-expression-evaluator-5.19.0.jar
                                                                 [classpath] /var/lib/neo4j/lib/netty-codec-http-4.1.107.Final.jar
                                                                 [classpath] /var/lib/neo4j/lib/neo4j-import-util-5.19.0.jar
                                                                 [classpath] /var/lib/neo4j/lib/kiama_2.13-2.5.1.jar
                                                                 [classpath] /var/lib/neo4j/lib/jakarta.ws.rs-api-2.1.6.jar
                                                                 [classpath] /var/lib/neo4j/lib/neo4j-rewriting-5.19.0.jar
                                                                 [classpath] /var/lib/neo4j/lib/neo4j-fulltext-index-5.19.0.jar
                                                                 [classpath] /var/lib/neo4j/lib/zstd-jni-1.5.5-11.jar
                                                                 [classpath] /var/lib/neo4j/lib/netty-resolver-4.1.107.Final.jar
                                                                 [classpath] /var/lib/neo4j/lib/istack-commons-runtime-3.0.8.jar
                                                                 [classpath] /var/lib/neo4j/lib/neo4j-cypher-antlr-parser-listener-5.19.0.jar
                                                                 [classpath] /var/lib/neo4j/lib/jetty-servlet-api-4.0.6.jar
                                                                 [classpath] /var/lib/neo4j/lib/eclipse-collections-11.1.0.jar
                                                                 [classpath] /var/lib/neo4j/lib/neo4j-values-5.19.0.jar
                                                                 [classpath] /var/lib/neo4j/lib/neo4j-5.19.0.jar
                                                                 [classpath] /var/lib/neo4j/lib/shiro-cache-2.0.0.jar
                                                                 [classpath] /var/lib/neo4j/lib/neo4j-record-storage-engine-5.19.0.jar
                                                                 [classpath] /var/lib/neo4j/lib/neo4j-import-tool-5.19.0.jar
                                                                 [classpath] /var/lib/neo4j/lib/neo4j-cypher-runtime-util-5.19.0.jar
                                                                 [classpath] /var/lib/neo4j/lib/neo4j-browser-5.15.0.jar
                                                                 [classpath] /var/lib/neo4j/lib/netty-buffer-4.1.107.Final.jar
                                                                 [classpath] /var/lib/neo4j/lib/gson-2.10.1.jar
                                                                 [classpath] /var/lib/neo4j/lib/jakarta.validation-api-2.0.2.jar
                                                                 [classpath] /var/lib/neo4j/lib/shiro-crypto-hash-2.0.0.jar
                                                                 [classpath] /var/lib/neo4j/lib/netty-tcnative-boringssl-static-2.0.61.Final-osx-x86_64.jar
                                                                 [classpath] /var/lib/neo4j/lib/shiro-hashes-argon2-2.0.0.jar
                                                                 [classpath] /var/lib/neo4j/lib/grpc-api-1.62.2.jar
                                                                 [classpath] /var/lib/neo4j/lib/antlr4-runtime-4.13.1.jar
                                                                 [classpath] /var/lib/neo4j/lib/hk2-utils-2.6.1.jar
                                                                 [classpath] /var/lib/neo4j/lib/stax-ex-1.8.1.jar
                                                                 [classpath] /var/lib/neo4j/lib/http2-common-10.0.20.jar
                                                                 [classpath] /var/lib/neo4j/lib/jackson-core-2.16.1.jar
                                                                 [classpath] /var/lib/neo4j/lib/txw2-2.3.2.jar
                                                                 [classpath] /var/lib/neo4j/lib/jetty-webapp-10.0.20.jar
                                                                 [classpath] /var/lib/neo4j/lib/commons-lang3-3.14.0.jar
                                                                 [classpath] /var/lib/neo4j/lib/netty-tcnative-boringssl-static-2.0.61.Final-osx-aarch_64.jar
                                                                 [classpath] /var/lib/neo4j/lib/neo4j-cypher-5.19.0.jar
                                                                 [classpath] /var/lib/neo4j/lib/log4j-api-2.20.0.jar
                                                                 [classpath] /var/lib/neo4j/lib/netty-codec-4.1.107.Final.jar
                                                                 [classpath] /var/lib/neo4j/lib/grpc-context-1.62.2.jar
                                                                 [classpath] /var/lib/neo4j/lib/argparse4j-0.9.0.jar
                                                                 [classpath] /var/lib/neo4j/lib/log4j-core-2.20.0.jar
                                                                 [classpath] /var/lib/neo4j/lib/jackson-jaxrs-base-2.16.1.jar
                                                                 [classpath] /var/lib/neo4j/lib/jetty-http-10.0.20.jar
                                                                 [classpath] /var/lib/neo4j/lib/neo4j-cypher-cst-factory-5.19.0.jar
                                                                 [classpath] /var/lib/neo4j/lib/netty-transport-classes-kqueue-4.1.107.Final.jar
                                                                 [classpath] /var/lib/neo4j/lib/commons-configuration2-2.10.1.jar
                                                                 [classpath] /var/lib/neo4j/lib/jetty-util-10.0.20.jar
                                                                 [classpath] /var/lib/neo4j/lib/neo4j-kernel-api-5.19.0.jar
                                                                 [classpath] /var/lib/neo4j/lib/neo4j-cypher-ir-5.19.0.jar
                                                                 [classpath] /var/lib/neo4j/lib/jetty-server-10.0.20.jar
                                                                 [classpath] /var/lib/neo4j/lib/neo4j-notifications-5.19.0.jar
                                                                 [classpath] /var/lib/neo4j/lib/neo4j-csv-5.19.0.jar
                                                                 [classpath] /var/lib/neo4j/lib/neo4j-id-generator-5.19.0.jar
                                                                 [classpath] /var/lib/neo4j/lib/grpc-protobuf-1.62.2.jar
                                                                 [classpath] /var/lib/neo4j/lib/commons-codec-1.16.1.jar
                                                                 [classpath] /var/lib/neo4j/lib/neo4j-cypher-ast-factory-5.19.0.jar
                                                                 [classpath] /var/lib/neo4j/lib/neo4j-schema-5.19.0.jar
                                                                 [classpath] /var/lib/neo4j/lib/scala-collection-contrib_2.13-0.3.0.jar
                                                                 [classpath] /var/lib/neo4j/lib/animal-sniffer-annotations-1.23.jar
                                                                 [classpath] /var/lib/neo4j/lib/grpc-netty-1.62.2.jar
                                                                 [classpath] /var/lib/neo4j/lib/neo4j-spatial-index-5.19.0.jar
                                                                 [classpath] /var/lib/neo4j/lib/jersey-client-2.34.jar
                                                                 [classpath] /var/lib/neo4j/lib/neo4j-cypher-logical-plans-5.19.0.jar
                                                                 [classpath] /var/lib/neo4j/lib/jersey-hk2-2.34.jar
                                                                 [classpath] /var/lib/neo4j/lib/jetty-security-10.0.20.jar
                                                                 [classpath] /var/lib/neo4j/lib/jctools-core-4.0.3.jar
                                                                 [classpath] /var/lib/neo4j/lib/neo4j-graphdb-api-5.19.0.jar
                                                                 [classpath] /var/lib/neo4j/lib/proto-google-common-protos-2.29.0.jar
                                                                 [classpath] /var/lib/neo4j/lib/neo4j-cypher-javacc-parser-5.19.0.jar
                                                                 [classpath] /var/lib/neo4j/lib/neo4j-graph-algo-5.19.0.jar
                                                                 [classpath] /var/lib/neo4j/lib/jPowerShell-3.0.jar
                                                                 [classpath] /var/lib/neo4j/lib/reactive-streams-1.0.4.jar
                                                                 [classpath] /var/lib/neo4j/lib/netty-tcnative-boringssl-static-2.0.61.Final-linux-aarch_64.jar
                                                                 [classpath] /var/lib/neo4j/lib/javassist-3.25.0-GA.jar
                                                                 [classpath] /var/lib/neo4j/lib/jackson-annotations-2.16.1.jar
                                                                 [classpath] /var/lib/neo4j/lib/neo4j-server-5.19.0.jar
                                                                 [classpath] /var/lib/neo4j/lib/neo4j-capabilities-5.19.0.jar
                                                                 [classpath] /var/lib/neo4j/lib/neo4j-cypher-rendering-5.19.0.jar
                                                                 [classpath] /var/lib/neo4j/lib/neo4j-concurrent-5.19.0.jar
                                                                 [classpath] /var/lib/neo4j/lib/neo4j-query-router-5.19.0.jar
                                                                 [classpath] /var/lib/neo4j/lib/neo4j-cloud-5.19.0.jar
                                                                 [classpath] /var/lib/neo4j/lib/neo4j-wal-5.19.0.jar
                                                                 [classpath] /var/lib/neo4j/lib/picocli-4.7.5.jar
                                                                 [classpath] /var/lib/neo4j/lib/listenablefuture-9999.0-empty-to-avoid-conflict-with-guava.jar
                                                                 [classpath] /var/lib/neo4j/lib/neo4j-cypher-cache-5.19.0.jar
                                                                 [classpath] /var/lib/neo4j/lib/failureaccess-1.0.2.jar
                                                                 [classpath] /var/lib/neo4j/lib/neo4j-slf4j-provider-5.19.0.jar
                                                                 [classpath] /var/lib/neo4j/lib/arrow-format-15.0.0.jar
                                                                 [classpath] /var/lib/neo4j/lib/http2-hpack-10.0.20.jar
                                                                 [classpath] /var/lib/neo4j/lib/annotations-5.19.0.jar
                                                                 [classpath] /var/lib/neo4j/lib/netty-handler-proxy-4.1.107.Final.jar
                                                                 [classpath] /var/lib/neo4j/lib/jersey-common-2.34.jar
                                                                 [classpath] /var/lib/neo4j/lib/neo4j-expressions-5.19.0.jar
                                                                 [classpath] /var/lib/neo4j/lib/netty-tcnative-boringssl-static-2.0.61.Final-linux-x86_64.jar
                                                                 [classpath] /var/lib/neo4j/lib/jackson-module-jaxb-annotations-2.16.1.jar
                                                                 [classpath] /var/lib/neo4j/lib/neo4j-bootcheck-5.19.0.jar
                                                                 [classpath] /var/lib/neo4j/lib/neo4j-native-5.19.0.jar
                                                                 [classpath] /var/lib/neo4j/lib/neo4j-bolt-5.19.0.jar
                                                                 [classpath] /var/lib/neo4j/lib/http2-server-10.0.20.jar
                                                                 [classpath] /var/lib/neo4j/lib/reactor-core-3.6.2.jar
                                                                 [classpath] /var/lib/neo4j/lib/netty-handler-4.1.107.Final.jar
                                                                 [classpath] /var/lib/neo4j/lib/neo4j-lucene-index-5.19.0.jar
                                                                 [classpath] /var/lib/neo4j/lib/grpc-core-1.62.2.jar
                                                                 [classpath] /var/lib/neo4j/lib/shiro-crypto-core-2.0.0.jar
                                                                 [classpath] /var/lib/neo4j/lib/grpc-stub-1.62.2.jar
                                                                 [classpath] /var/lib/neo4j/lib/neo4j-java-driver-5.18.0.jar
                                                                 [classpath] /var/lib/neo4j/lib/netty-transport-native-unix-common-4.1.107.Final.jar
                                                                 [classpath] /var/lib/neo4j/lib/neo4j-token-api-5.19.0.jar
                                                                 [classpath] /var/lib/neo4j/lib/jna-5.14.0.jar
                                                                 [classpath] /var/lib/neo4j/lib/netty-transport-classes-epoll-4.1.107.Final.jar
                                                                 [classpath] /var/lib/neo4j/lib/commons-text-1.11.0.jar
                                                                 [classpath] /var/lib/neo4j/lib/neo4j-storage-engine-util-5.19.0.jar
                                                                 [classpath] /var/lib/neo4j/lib/lucene-backward-codecs-9.10.0.jar
                                                                 [classpath] /var/lib/neo4j/lib/protobuf-java-3.25.2.jar
                                                                 [classpath] /var/lib/neo4j/lib/netty-transport-native-kqueue-4.1.107.Final-osx-aarch_64.jar
                                                                 [classpath] /var/lib/neo4j/lib/jline-terminal-jansi-3.21.0.jar
                                                                 [classpath] /var/lib/neo4j/lib/neo4j-codegen-5.19.0.jar
                                                                 [classpath] /var/lib/neo4j/lib/hk2-api-2.6.1.jar
                                                                 [classpath] /var/lib/neo4j/lib/zstd-proxy-5.19.0.jar
                                                                 [classpath] /var/lib/neo4j/lib/server-api-5.19.0.jar
                                                                 [classpath] /var/lib/neo4j/lib/neo4j-cypher-planner-spi-5.19.0.jar
                                                                 [classpath] /var/lib/neo4j/lib/jackson-datatype-jsr310-2.16.0.jar
                                                                 [classpath] /var/lib/neo4j/lib/neo4j-cypher-planner-5.19.0.jar
                                                                 [classpath] /var/lib/neo4j/lib/shiro-core-2.0.0.jar
                                                                 [classpath] /var/lib/neo4j/lib/jsr305-3.0.2.jar
                                                                 [classpath] /var/lib/neo4j/lib/neo4j-command-line-5.19.0.jar
                                                                 [classpath] /var/lib/neo4j/lib/shiro-lang-2.0.0.jar
                                                                 [classpath] /var/lib/neo4j/lib/jakarta.activation-api-1.2.2.jar
                                                                 [classpath] /var/lib/neo4j/lib/grpc-util-1.62.2.jar
                                                                 [classpath] /var/lib/neo4j/lib/neo4j-procedure-api-5.19.0.jar
                                                                 [classpath] /var/lib/neo4j/lib/neo4j-monitoring-5.19.0.jar
                                                                 [classpath] /var/lib/neo4j/lib/jetty-alpn-java-server-10.0.20.jar
                                                                 [classpath] /var/lib/neo4j/lib/jettison-1.5.4.jar
                                                                 [classpath] /var/lib/neo4j/lib/jakarta.inject-2.6.1.jar
                                                                 [classpath] /var/lib/neo4j/lib/neo4j-io-5.19.0.jar
                                                                 [classpath] /var/lib/neo4j/lib/jackson-databind-2.16.1.jar
                                                                 [classpath] /var/lib/neo4j/lib/slf4j-api-2.0.9.jar
                                                                 [classpath] /var/lib/neo4j/lib/neo4j-cypher-dsl-2023.9.4.jar
                                                                 [classpath] /var/lib/neo4j/lib/lucene-queryparser-9.10.0.jar
                                                                 [classpath] /var/lib/neo4j/lib/neo4j-push-to-cloud-5.19.0.jar
                                                                 [classpath] /var/lib/neo4j/lib/perfmark-api-0.26.0.jar
                                                                 [classpath] /var/lib/neo4j/lib/jline-reader-3.21.0.jar
                                                                 [classpath] /var/lib/neo4j/lib/FastInfoset-1.2.16.jar
                                                                 [classpath] /var/lib/neo4j/lib/shiro-crypto-cipher-2.0.0.jar
                                                                 [classpath] /var/lib/neo4j/lib/cypher-literal-interpreter-5.19.0.jar
                                                                 [classpath] /var/lib/neo4j/lib/neo4j-procedure-5.19.0.jar
                                                                 [classpath] /var/lib/neo4j/lib/arrow-memory-netty-15.0.0.jar
                                                                 [classpath] /var/lib/neo4j/lib/neo4j-security-5.19.0.jar
                                                                 [classpath] /var/lib/neo4j/lib/neo4j-dbms-5.19.0.jar
                                                                 [classpath] /var/lib/neo4j/lib/flatbuffers-java-23.5.26.jar
                                                                 [classpath] /var/lib/neo4j/lib/neo4j-lock-5.19.0.jar
                                                                 [classpath] /var/lib/neo4j/lib/ipaddress-5.4.2.jar
                                                                 [classpath] /var/lib/neo4j/lib/netty-codec-socks-4.1.107.Final.jar
                                                                 [classpath] /var/lib/neo4j/lib/scala-reflect-2.13.11.jar
                                                                 [classpath] /var/lib/neo4j/lib/neo4j-logging-5.19.0.jar
                                                                 [classpath] /var/lib/neo4j/lib/jakarta.annotation-api-1.3.5.jar
                                                                 [classpath] /var/lib/neo4j/lib/neo4j-configuration-5.19.0.jar
                                                                 [classpath] /var/lib/neo4j/lib/netty-transport-native-epoll-4.1.107.Final-linux-aarch_64.jar
                                                                 [classpath] /var/lib/neo4j/lib/neo4j-common-5.19.0.jar
                                                                 [classpath] /var/lib/neo4j/lib/jackson-jaxrs-json-provider-2.16.1.jar
                                                                 [classpath] /var/lib/neo4j/lib/commons-io-2.15.1.jar
                                                                 [classpath] /var/lib/neo4j/lib/log4j-layout-template-json-2.20.0.jar
                                                                 [classpath] /var/lib/neo4j/lib/shiro-hashes-bcrypt-2.0.0.jar
                                                                 [classpath] /var/lib/neo4j/lib/jersey-server-2.34.jar
                                                                 [classpath] /var/lib/neo4j/lib/neo4j-cypher-antlr-parser-5.19.0.jar
                                                                 [classpath] /var/lib/neo4j/lib/neo4j-ssl-5.19.0.jar
                                                                 [classpath] /var/lib/neo4j/lib/shiro-config-core-2.0.0.jar
                                                                 [classpath] /var/lib/neo4j/lib/neo4j-resource-5.19.0.jar
                                                                 [classpath] /var/lib/neo4j/lib/commons-compress-1.26.0.jar
                                                                 [classpath] /var/lib/neo4j/lib/shiro-event-2.0.0.jar
                                                                
                                                                --------------------------------------------------------------------------------
                                                                                                [ Library path ]                                
                                                                --------------------------------------------------------------------------------
                                                                /usr/java/packages/lib
                                                                /usr/lib64
                                                                /lib64
                                                                /lib
                                                                /usr/lib
                                                                
                                                                --------------------------------------------------------------------------------
                                                                                             [ System properties ]                              
                                                                --------------------------------------------------------------------------------
                                                                sun.jnu.encoding = ANSI_X3.4-1968
                                                                sun.arch.data.model = 64
                                                                user.timezone = Etc/UTC
                                                                sun.java.launcher = SUN_STANDARD
                                                                user.country = US
                                                                sun.boot.library.path = /opt/java/openjdk/lib
                                                                sun.java.command = org.neo4j.server.CommunityEntryPoint --home-dir=/var/lib/neo4j --config-dir=/var/lib/neo4j/conf --console-mode
                                                                jdk.debug = release
                                                                sun.cpu.endian = little
                                                                user.home = /var/lib/neo4j
                                                                user.language = en
                                                                file.separator = /
                                                                sun.management.compiler = HotSpot 64-Bit Tiered Compilers
                                                                user.name = neo4j
                                                                path.separator = :
                                                                file.encoding = UTF-8
                                                                jnidispatch.path = /var/lib/neo4j/.cache/JNA/temp/jna9216820502658995698.tmp
                                                                jna.loaded = true
                                                                user.dir = /var/lib/neo4j
                                                                native.encoding = ANSI_X3.4-1968
                                                                sun.io.unicode.encoding = UnicodeLittle
                                                                
                                                                --------------------------------------------------------------------------------
                                                                                      [ (IANA) TimeZone database version ]                      
                                                                --------------------------------------------------------------------------------
                                                                  TimeZone version: 2024a (available for 603 zone identifiers)
                                                                
                                                                --------------------------------------------------------------------------------
                                                                                            [ Network information ]                             
                                                                --------------------------------------------------------------------------------
                                                                Interface eth0:
                                                                    address: 172.18.0.2
                                                                Interface lo:
                                                                    address: 127.0.0.1
                                                                
                                                                --------------------------------------------------------------------------------
                                                                                         [ Native access information ]                          
                                                                --------------------------------------------------------------------------------
                                                                Native access details: Linux native access is available.
                                                                
                                                                --------------------------------------------------------------------------------
                                                                                                [ DBMS config ]                                 
                                                                --------------------------------------------------------------------------------
                                                                DBMS provided settings:
                                                                server.default_listen_address=0.0.0.0
                                                                server.directories.logs=/logs
                                                                server.directories.neo4j_home=/var/lib/neo4j
                                                                server.directories.plugins=/plugins
                                                                server.memory.pagecache.size=512.00MiB
                                                                Directories in use:
                                                                server.directories.data=/var/lib/neo4j/data
                                                                server.directories.dumps.root=/var/lib/neo4j/data/dumps
                                                                server.directories.import=/var/lib/neo4j
                                                                server.directories.lib=/var/lib/neo4j/lib
                                                                server.directories.licenses=/var/lib/neo4j/licenses
                                                                server.directories.logs=/logs
                                                                server.directories.neo4j_home=/var/lib/neo4j
                                                                server.directories.plugins=/plugins
                                                                server.directories.run=/var/lib/neo4j/run
                                                                server.directories.script.root=/var/lib/neo4j/data/scripts
                                                                server.directories.transaction.logs.root=/var/lib/neo4j/data/transactions
                                                                
                                                                --------------------------------------------------------------------------------
                                                                                                 [ Packaging ]                                  
                                                                --------------------------------------------------------------------------------
                                                                Edition: Community
                                                                Package Type: docker bullseye
                                                                
2024-05-14 20:33:12.349+0000 INFO  [o.n.d.i.DefaultIdentityModule] Generated new ServerId: ServerId{96e02913} (96e02913-3ab2-4d0e-a3db-8d1f7f532e18)
2024-05-14 20:33:12.350+0000 INFO  [o.n.d.i.DefaultIdentityModule] This instance is ServerId{96e02913} (96e02913-3ab2-4d0e-a3db-8d1f7f532e18)
2024-05-14 20:33:13.142+0000 INFO  [o.n.s.CommunityNeoWebServer] ======== Neo4j 5.19.0 ========
2024-05-14 20:33:13.159+0000 INFO  [o.n.d.d.DatabaseLifecycles] Creating 'DatabaseId{00000000[system]}'.
2024-05-14 20:33:13.234+0000 INFO  [o.n.b.BoltServer] Using connector transport epoll
2024-05-14 20:33:13.330+0000 INFO  [o.n.b.BoltServer] Configured external Bolt connector with listener address /0.0.0.0:7687
2024-05-14 20:33:13.331+0000 INFO  [o.n.b.BoltServer] Bolt server loaded
2024-05-14 20:33:13.354+0000 INFO  [o.n.d.d.DatabaseLifecycles] Starting 'DatabaseId{00000000[system]}'.
2024-05-14 20:33:13.996+0000 INFO  [o.n.i.d.DiagnosticsManager] [system/00000000] 
                                                                [system/00000000] ********************************************************************************
                                                                [system/00000000]                               [ Database: system ]                              
                                                                [system/00000000] ********************************************************************************
                                                                [system/00000000] --------------------------------------------------------------------------------
                                                                [system/00000000]                                   [ Version ]                                   
                                                                [system/00000000] --------------------------------------------------------------------------------
                                                                [system/00000000] DBMS: community record-aligned-1.1
                                                                [system/00000000] Kernel version: 5.19.0
                                                                [system/00000000] 
                                                                [system/00000000] --------------------------------------------------------------------------------
                                                                [system/00000000]                                 [ Store files ]                                 
                                                                [system/00000000] --------------------------------------------------------------------------------
                                                                [system/00000000] Disk space on partition (Total / Free / Free %): 500090007552 / 26071412736 / 5
                                                                [system/00000000] Storage files stored on file store: 9p
                                                                [system/00000000] Storage files: (filename : modification date - size)
                                                                [system/00000000]   neostore: 2024-05-14 20:33:13.847+0000 - 8.000KiB
                                                                [system/00000000]   neostore.counts.db: 2024-05-14 20:33:13.866+0000 - 0B
                                                                [system/00000000]   neostore.indexstats.db: 2024-05-14 20:33:13.886+0000 - 0B
                                                                [system/00000000]   neostore.labeltokenstore.db: 2024-05-14 20:33:13.826+0000 - 0B
                                                                [system/00000000]   neostore.labeltokenstore.db.id: 2024-05-14 20:33:13.824+0000 - 0B
                                                                [system/00000000]   neostore.labeltokenstore.db.names: 2024-05-14 20:33:13.817+0000 - 8.000KiB
                                                                [system/00000000]   neostore.labeltokenstore.db.names.id: 2024-05-14 20:33:13.814+0000 - 0B
                                                                [system/00000000]   neostore.nodestore.db: 2024-05-14 20:33:13.772+0000 - 0B
                                                                [system/00000000]   neostore.nodestore.db.id: 2024-05-14 20:33:13.770+0000 - 0B
                                                                [system/00000000]   neostore.nodestore.db.labels: 2024-05-14 20:33:13.763+0000 - 8.000KiB
                                                                [system/00000000]   neostore.nodestore.db.labels.id: 2024-05-14 20:33:13.740+0000 - 0B
                                                                [system/00000000]   neostore.propertystore.db: 2024-05-14 20:33:13.798+0000 - 0B
                                                                [system/00000000]   neostore.propertystore.db.arrays: 2024-05-14 20:33:13.792+0000 - 8.000KiB
                                                                [system/00000000]   neostore.propertystore.db.arrays.id: 2024-05-14 20:33:13.790+0000 - 0B
                                                                [system/00000000]   neostore.propertystore.db.id: 2024-05-14 20:33:13.796+0000 - 0B
                                                                [system/00000000]   neostore.propertystore.db.index: 2024-05-14 20:33:13.783+0000 - 0B
                                                                [system/00000000]   neostore.propertystore.db.index.id: 2024-05-14 20:33:13.780+0000 - 0B
                                                                [system/00000000]   neostore.propertystore.db.index.keys: 2024-05-14 20:33:13.777+0000 - 8.000KiB
                                                                [system/00000000]   neostore.propertystore.db.index.keys.id: 2024-05-14 20:33:13.774+0000 - 0B
                                                                [system/00000000]   neostore.propertystore.db.strings: 2024-05-14 20:33:13.787+0000 - 8.000KiB
                                                                [system/00000000]   neostore.propertystore.db.strings.id: 2024-05-14 20:33:13.784+0000 - 0B
                                                                [system/00000000]   neostore.relationshipgroupstore.db: 2024-05-14 20:33:13.838+0000 - 8.000KiB
                                                                [system/00000000]   neostore.relationshipgroupstore.db.id: 2024-05-14 20:33:13.835+0000 - 0B
                                                                [system/00000000]   neostore.relationshipgroupstore.degrees.db: 2024-05-14 20:33:13.877+0000 - 0B
                                                                [system/00000000]   neostore.relationshipstore.db: 2024-05-14 20:33:13.802+0000 - 0B
                                                                [system/00000000]   neostore.relationshipstore.db.id: 2024-05-14 20:33:13.801+0000 - 0B
                                                                [system/00000000]   neostore.relationshiptypestore.db: 2024-05-14 20:33:13.812+0000 - 0B
                                                                [system/00000000]   neostore.relationshiptypestore.db.id: 2024-05-14 20:33:13.810+0000 - 0B
                                                                [system/00000000]   neostore.relationshiptypestore.db.names: 2024-05-14 20:33:13.807+0000 - 8.000KiB
                                                                [system/00000000]   neostore.relationshiptypestore.db.names.id: 2024-05-14 20:33:13.804+0000 - 0B
                                                                [system/00000000]   neostore.schemastore.db: 2024-05-14 20:33:13.831+0000 - 8.000KiB
                                                                [system/00000000]   neostore.schemastore.db.id: 2024-05-14 20:33:13.829+0000 - 0B
                                                                [system/00000000] Storage summary: 
                                                                [system/00000000]   Total size of store: 72.00KiB
                                                                [system/00000000]   Total size of mapped files: 72.00KiB
                                                                [system/00000000] 
                                                                [system/00000000] --------------------------------------------------------------------------------
                                                                [system/00000000]                               [ Transaction log ]                               
                                                                [system/00000000] --------------------------------------------------------------------------------
                                                                [system/00000000] Transaction log files stored on file store: 9p
                                                                [system/00000000] Transaction log metadata:
                                                                [system/00000000]  - current kernel version used in transactions: V5_19
                                                                [system/00000000]  - last committed transaction id: 1
                                                                [system/00000000] Transaction log files:
                                                                [system/00000000]  - existing transaction log versions: -1--1
                                                                [system/00000000]  - no transactions found
                                                                [system/00000000] Checkpoint log files:
                                                                [system/00000000]  - existing checkpoint log versions: -1--1
                                                                [system/00000000]  - no checkpoints found
                                                                [system/00000000] 
                                                                [system/00000000] --------------------------------------------------------------------------------
                                                                [system/00000000]                                   [ Id usage ]                                  
                                                                [system/00000000] --------------------------------------------------------------------------------
                                                                [system/00000000] ArrayPropertyStore[neostore.nodestore.db.labels]: used=1 high=0
                                                                [system/00000000] NodeStore[neostore.nodestore.db]: used=0 high=-1
                                                                [system/00000000] StringPropertyStore[neostore.propertystore.db.index.keys]: used=1 high=0
                                                                [system/00000000] PropertyIndexStore[neostore.propertystore.db.index]: used=0 high=-1
                                                                [system/00000000] StringPropertyStore[neostore.propertystore.db.strings]: used=1 high=0
                                                                [system/00000000] ArrayPropertyStore[neostore.propertystore.db.arrays]: used=1 high=0
                                                                [system/00000000] PropertyStore[neostore.propertystore.db]: used=0 high=-1
                                                                [system/00000000] RelationshipStore[neostore.relationshipstore.db]: used=0 high=-1
                                                                [system/00000000] StringPropertyStore[neostore.relationshiptypestore.db.names]: used=1 high=0
                                                                [system/00000000] RelationshipTypeStore[neostore.relationshiptypestore.db]: used=0 high=-1
                                                                [system/00000000] StringPropertyStore[neostore.labeltokenstore.db.names]: used=1 high=0
                                                                [system/00000000] LabelTokenStore[neostore.labeltokenstore.db]: used=0 high=-1
                                                                [system/00000000] SchemaStore[neostore.schemastore.db]: used=1 high=0
                                                                [system/00000000] RelationshipGroupStore[neostore.relationshipgroupstore.db]: used=1 high=0
                                                                [system/00000000] NeoStore[neostore]: used=-1 high=-1
                                                                [system/00000000] 
                                                                [system/00000000] --------------------------------------------------------------------------------
                                                                [system/00000000]                                   [ Metadata ]                                  
                                                                [system/00000000] --------------------------------------------------------------------------------
                                                                [system/00000000] EXTERNAL_STORE_UUID (Database identifier exposed as external store identity. Generated on creation and never updated): 93671155-339d-40ce-b0ba-8a3851321c1b
                                                                [system/00000000] DATABASE_ID (The last used DatabaseId for this database): null
                                                                [system/00000000] LEGACY_STORE_VERSION (Legacy store format version. This field is used from 5.0 onwards only to distinguish non-migrated pre 5.0 metadata stores.): -3523014627327384477
                                                                [system/00000000] STORE_ID (Store ID): StoreId{creationTime=1715718793846, random=5958236178747921730, storageEngineName='record', formatName='aligned', majorVersion=1, minorVersion=1}
                                                                [system/00000000] 
2024-05-14 20:33:14.016+0000 INFO  [o.n.k.a.DatabaseAvailabilityGuard] [system/00000000] Requirement `Database unavailable` makes database system unavailable.
2024-05-14 20:33:14.017+0000 INFO  [o.n.k.a.DatabaseAvailabilityGuard] [system/00000000] DatabaseId{00000000[system]} is unavailable.
2024-05-14 20:33:14.035+0000 WARN  [o.n.k.i.s.MetaDataStore] [system/00000000] Missing counts store, rebuilding it.
2024-05-14 20:33:14.040+0000 WARN  [o.n.k.i.s.MetaDataStore] [system/00000000] Counts store rebuild completed.
2024-05-14 20:33:14.044+0000 WARN  [o.n.k.i.t.l.f.LogFileChannelNativeAccessor] [system/00000000] Error on attempt to preallocate log file version: 0. Error: ErrorCode=-1, errorMessage='Incorrect file descriptor.'
2024-05-14 20:33:14.055+0000 INFO  [o.n.k.d.Database] [system/00000000] Starting transaction log [/data/transactions/system/neostore.transaction.db.0] at version=0
2024-05-14 20:33:14.061+0000 WARN  [o.n.k.i.t.l.f.c.CheckpointFileChannelNativeAccessor] [system/00000000] Error on attempt to preallocate log file version: 0. Error: ErrorCode=-1, errorMessage='Incorrect file descriptor.'
2024-05-14 20:33:14.064+0000 INFO  [o.n.k.d.Database] [system/00000000] Starting transaction log [/data/transactions/system/checkpoint.0] at version=0
2024-05-14 20:33:14.073+0000 WARN  [o.n.k.i.t.l.f.c.CheckpointFileChannelNativeAccessor] [system/00000000] Unable to advise sequential access for transaction log version: 0. Error: ErrorCode=-1, errorMessage='Incorrect file descriptor.'
2024-05-14 20:33:14.074+0000 WARN  [o.n.k.i.t.l.f.c.CheckpointFileChannelNativeAccessor] [system/00000000] Unable to advise preserve data in cache for transaction log version: 0. Error: ErrorCode=-1, errorMessage='Incorrect file descriptor.'
2024-05-14 20:33:14.074+0000 INFO  [o.n.k.i.t.l.f.c.CheckpointLogFile] [system/00000000] Scanning log file with version 0 for checkpoint entries
2024-05-14 20:33:14.075+0000 WARN  [o.n.k.i.t.l.f.c.CheckpointFileChannelNativeAccessor] [system/00000000] Unable to evict transaction log from cache with version: 0. Error: ErrorCode=-1, errorMessage='Incorrect file descriptor.'
2024-05-14 20:33:14.076+0000 WARN  [o.n.k.i.t.l.f.LogFileChannelNativeAccessor] [system/00000000] Unable to advise sequential access for transaction log version: 0. Error: ErrorCode=-1, errorMessage='Incorrect file descriptor.'
2024-05-14 20:33:14.076+0000 WARN  [o.n.k.i.t.l.f.LogFileChannelNativeAccessor] [system/00000000] Unable to advise preserve data in cache for transaction log version: 0. Error: ErrorCode=-1, errorMessage='Incorrect file descriptor.'
2024-05-14 20:33:14.077+0000 WARN  [o.n.k.i.t.l.f.LogFileChannelNativeAccessor] [system/00000000] Unable to evict transaction log from cache with version: 0. Error: ErrorCode=-1, errorMessage='Incorrect file descriptor.'
2024-05-14 20:33:14.079+0000 WARN  [o.n.k.i.t.l.f.LogFileChannelNativeAccessor] [system/00000000] Unable to advise sequential access for transaction log version: 0. Error: ErrorCode=-1, errorMessage='Incorrect file descriptor.'
2024-05-14 20:33:14.079+0000 WARN  [o.n.k.i.t.l.f.LogFileChannelNativeAccessor] [system/00000000] Unable to advise preserve data in cache for transaction log version: 0. Error: ErrorCode=-1, errorMessage='Incorrect file descriptor.'
2024-05-14 20:33:14.079+0000 WARN  [o.n.k.i.t.l.f.LogFileChannelNativeAccessor] [system/00000000] Unable to evict transaction log from cache with version: 0. Error: ErrorCode=-1, errorMessage='Incorrect file descriptor.'
2024-05-14 20:33:14.087+0000 INFO  [o.n.k.a.DatabaseAvailabilityGuard] [system/00000000] Fulfilling of requirement 'Database unavailable' makes database system available.
2024-05-14 20:33:14.087+0000 INFO  [o.n.k.a.DatabaseAvailabilityGuard] [system/00000000] DatabaseId{00000000[system]} is ready.
2024-05-14 20:33:14.223+0000 INFO  [o.n.k.i.a.i.IndexPopulationJob] [system/00000000] Index population started: [Index( id=2, name='index_f7700477', type='LOOKUP', schema=()-[:<any-types>]-(), indexProvider='token-lookup-1.0' )]
2024-05-14 20:33:14.264+0000 INFO  [o.n.k.i.a.i.IndexPopulationJob] [system/00000000] Index creation finished for index [Index( id=2, name='index_f7700477', type='LOOKUP', schema=()-[:<any-types>]-(), indexProvider='token-lookup-1.0' )].
2024-05-14 20:33:14.280+0000 INFO  [o.n.k.i.a.i.IndexPopulationJob] [system/00000000] Index population started: [Index( id=1, name='index_343aff4e', type='LOOKUP', schema=(:<any-labels>), indexProvider='token-lookup-1.0' )]
2024-05-14 20:33:14.294+0000 INFO  [o.n.k.i.a.i.IndexPopulationJob] [system/00000000] Index creation finished for index [Index( id=1, name='index_343aff4e', type='LOOKUP', schema=(:<any-labels>), indexProvider='token-lookup-1.0' )].
2024-05-14 20:33:14.305+0000 INFO  [o.n.k.i.t.l.c.CheckPointerImpl] [system/00000000] Checkpoint triggered by "Database init completed." @ txId: 3 checkpoint started...
2024-05-14 20:33:14.398+0000 INFO  [o.n.k.i.t.l.c.CheckPointerImpl] [system/00000000] Checkpoint triggered by "Database init completed." @ txId: 3 checkpoint completed in 92ms. Checkpoint flushed 74 pages (0% of total available pages), in 57 IOs. Checkpoint performed with IO limit: unlimited, paused in total 0 times( 0 millis).
2024-05-14 20:33:14.400+0000 INFO  [o.n.k.i.t.l.p.LogPruningImpl] [system/00000000] No log version pruned. The strategy used was '2 days'. 
2024-05-14 20:33:14.471+0000 INFO  [o.n.k.i.a.i.IndexPopulationJob] [system/00000000] Index population started: [Index( id=3, name='constraint_798238d6', type='RANGE', schema=(:DatabaseName {name, namespace}), indexProvider='range-1.0' )]
2024-05-14 20:33:14.498+0000 INFO  [o.n.k.i.a.i.IndexPopulationJob] [system/00000000] Index creation finished for index [Index( id=3, name='constraint_798238d6', type='RANGE', schema=(:DatabaseName {name, namespace}), indexProvider='range-1.0' )].
2024-05-14 20:33:14.521+0000 INFO  [o.n.k.i.a.i.IndexPopulationJob] [system/00000000] Index population started: [Index( id=4, name='constraint_8014b60a', type='RANGE', schema=(:Database {name}), indexProvider='range-1.0' )]
2024-05-14 20:33:14.534+0000 INFO  [o.n.k.i.a.i.IndexPopulationJob] [system/00000000] Index creation finished for index [Index( id=4, name='constraint_8014b60a', type='RANGE', schema=(:Database {name}), indexProvider='range-1.0' )].
2024-05-14 20:33:14.561+0000 INFO  [o.n.k.i.a.i.IndexingService] [system/00000000] Constraint Index( id=3, name='constraint_798238d6', type='RANGE', schema=(:Label[1] {PropertyKey[11], PropertyKey[12]}), indexProvider='range-1.0' ) is ONLINE.
2024-05-14 20:33:14.561+0000 INFO  [o.n.k.i.a.i.IndexingService] [system/00000000] Constraint Index( id=4, name='constraint_8014b60a', type='RANGE', schema=(:Label[2] {PropertyKey[11]}), indexProvider='range-1.0' ) is ONLINE.
2024-05-14 20:33:14.690+0000 INFO  [o.n.k.i.a.i.IndexPopulationJob] [system/00000000] Index population started: [Index( id=7, name='constraint_5789ae3', type='RANGE', schema=(:User {name}), indexProvider='range-1.0' )]
2024-05-14 20:33:14.705+0000 INFO  [o.n.k.i.a.i.IndexPopulationJob] [system/00000000] Index creation finished for index [Index( id=7, name='constraint_5789ae3', type='RANGE', schema=(:User {name}), indexProvider='range-1.0' )].
2024-05-14 20:33:14.726+0000 INFO  [o.n.k.i.a.i.IndexPopulationJob] [system/00000000] Index population started: [Index( id=8, name='constraint_74fad970', type='RANGE', schema=(:User {id}), indexProvider='range-1.0' )]
2024-05-14 20:33:14.739+0000 INFO  [o.n.k.i.a.i.IndexPopulationJob] [system/00000000] Index creation finished for index [Index( id=8, name='constraint_74fad970', type='RANGE', schema=(:User {id}), indexProvider='range-1.0' )].
2024-05-14 20:33:14.755+0000 INFO  [o.n.k.i.a.i.IndexingService] [system/00000000] Constraint Index( id=7, name='constraint_5789ae3', type='RANGE', schema=(:Label[3] {PropertyKey[11]}), indexProvider='range-1.0' ) is ONLINE.
2024-05-14 20:33:14.756+0000 INFO  [o.n.k.i.a.i.IndexingService] [system/00000000] Constraint Index( id=8, name='constraint_74fad970', type='RANGE', schema=(:Label[3] {PropertyKey[26]}), indexProvider='range-1.0' ) is ONLINE.
2024-05-14 20:33:14.758+0000 INFO  [o.n.s.s.s.UserSecurityGraphComponent] Initializing system graph model for component 'security-users' with version -1 and status UNINITIALIZED
2024-05-14 20:33:14.766+0000 INFO  [o.n.s.s.s.UserSecurityGraphComponent] Setting up initial user from `auth.ini` file: neo4j
2024-05-14 20:33:14.767+0000 INFO  [o.n.s.s.a.CommunitySecurityModule] CREATE USER neo4j PASSWORD ****** CHANGE NOT REQUIRED
2024-05-14 20:33:14.777+0000 INFO  [o.n.s.s.s.UserSecurityGraphComponent] Setting version for 'security-users' to 4
2024-05-14 20:33:14.780+0000 INFO  [o.n.s.s.s.UserSecurityGraphComponent] After initialization of system graph model component 'security-users' have version 4 and status CURRENT
2024-05-14 20:33:14.784+0000 INFO  [o.n.s.s.s.UserSecurityGraphComponent] Performing postInitialization step for component 'security-users' with version 4 and status CURRENT
2024-05-14 20:33:14.788+0000 INFO  [o.n.d.d.DatabaseLifecycles] Creating 'DatabaseId{40b7a5e5[neo4j]}'.
2024-05-14 20:33:14.791+0000 INFO  [o.n.d.d.DatabaseLifecycles] Starting 'DatabaseId{40b7a5e5[neo4j]}'.
2024-05-14 20:33:14.808+0000 INFO  [o.n.k.i.s.f.RecordFormatSelector] [neo4j/40b7a5e5] Selected configured format for store /data/databases/neo4j: RecordFormat:PageAlignedV5_0[aligned-1.1]
2024-05-14 20:33:14.908+0000 INFO  [o.n.i.d.DiagnosticsManager] [neo4j/40b7a5e5] 
                                                                [neo4j/40b7a5e5] ********************************************************************************
                                                                [neo4j/40b7a5e5]                               [ Database: neo4j ]                               
                                                                [neo4j/40b7a5e5] ********************************************************************************
                                                                [neo4j/40b7a5e5] --------------------------------------------------------------------------------
                                                                [neo4j/40b7a5e5]                                   [ Version ]                                   
                                                                [neo4j/40b7a5e5] --------------------------------------------------------------------------------
                                                                [neo4j/40b7a5e5] DBMS: community record-aligned-1.1
                                                                [neo4j/40b7a5e5] Kernel version: 5.19.0
                                                                [neo4j/40b7a5e5] 
                                                                [neo4j/40b7a5e5] --------------------------------------------------------------------------------
                                                                [neo4j/40b7a5e5]                                 [ Store files ]                                 
                                                                [neo4j/40b7a5e5] --------------------------------------------------------------------------------
                                                                [neo4j/40b7a5e5] Disk space on partition (Total / Free / Free %): 500090007552 / 26069688320 / 5
                                                                [neo4j/40b7a5e5] Storage files stored on file store: 9p
                                                                [neo4j/40b7a5e5] Storage files: (filename : modification date - size)
                                                                [neo4j/40b7a5e5]   neostore: 2024-05-14 20:33:14.866+0000 - 8.000KiB
                                                                [neo4j/40b7a5e5]   neostore.counts.db: 2024-05-14 20:33:14.868+0000 - 0B
                                                                [neo4j/40b7a5e5]   neostore.indexstats.db: 2024-05-14 20:33:14.872+0000 - 0B
                                                                [neo4j/40b7a5e5]   neostore.labeltokenstore.db: 2024-05-14 20:33:14.855+0000 - 0B
                                                                [neo4j/40b7a5e5]   neostore.labeltokenstore.db.id: 2024-05-14 20:33:14.853+0000 - 0B
                                                                [neo4j/40b7a5e5]   neostore.labeltokenstore.db.names: 2024-05-14 20:33:14.851+0000 - 8.000KiB
                                                                [neo4j/40b7a5e5]   neostore.labeltokenstore.db.names.id: 2024-05-14 20:33:14.849+0000 - 0B
                                                                [neo4j/40b7a5e5]   neostore.nodestore.db: 2024-05-14 20:33:14.817+0000 - 0B
                                                                [neo4j/40b7a5e5]   neostore.nodestore.db.id: 2024-05-14 20:33:14.816+0000 - 0B
                                                                [neo4j/40b7a5e5]   neostore.nodestore.db.labels: 2024-05-14 20:33:14.813+0000 - 8.000KiB
                                                                [neo4j/40b7a5e5]   neostore.nodestore.db.labels.id: 2024-05-14 20:33:14.811+0000 - 0B
                                                                [neo4j/40b7a5e5]   neostore.propertystore.db: 2024-05-14 20:33:14.837+0000 - 0B
                                                                [neo4j/40b7a5e5]   neostore.propertystore.db.arrays: 2024-05-14 20:33:14.834+0000 - 8.000KiB
                                                                [neo4j/40b7a5e5]   neostore.propertystore.db.arrays.id: 2024-05-14 20:33:14.831+0000 - 0B
                                                                [neo4j/40b7a5e5]   neostore.propertystore.db.id: 2024-05-14 20:33:14.835+0000 - 0B
                                                                [neo4j/40b7a5e5]   neostore.propertystore.db.index: 2024-05-14 20:33:14.825+0000 - 0B
                                                                [neo4j/40b7a5e5]   neostore.propertystore.db.index.id: 2024-05-14 20:33:14.823+0000 - 0B
                                                                [neo4j/40b7a5e5]   neostore.propertystore.db.index.keys: 2024-05-14 20:33:14.821+0000 - 8.000KiB
                                                                [neo4j/40b7a5e5]   neostore.propertystore.db.index.keys.id: 2024-05-14 20:33:14.819+0000 - 0B
                                                                [neo4j/40b7a5e5]   neostore.propertystore.db.strings: 2024-05-14 20:33:14.829+0000 - 8.000KiB
                                                                [neo4j/40b7a5e5]   neostore.propertystore.db.strings.id: 2024-05-14 20:33:14.827+0000 - 0B
                                                                [neo4j/40b7a5e5]   neostore.relationshipgroupstore.db: 2024-05-14 20:33:14.863+0000 - 8.000KiB
                                                                [neo4j/40b7a5e5]   neostore.relationshipgroupstore.db.id: 2024-05-14 20:33:14.860+0000 - 0B
                                                                [neo4j/40b7a5e5]   neostore.relationshipgroupstore.degrees.db: 2024-05-14 20:33:14.869+0000 - 0B
                                                                [neo4j/40b7a5e5]   neostore.relationshipstore.db: 2024-05-14 20:33:14.840+0000 - 0B
                                                                [neo4j/40b7a5e5]   neostore.relationshipstore.db.id: 2024-05-14 20:33:14.838+0000 - 0B
                                                                [neo4j/40b7a5e5]   neostore.relationshiptypestore.db: 2024-05-14 20:33:14.847+0000 - 0B
                                                                [neo4j/40b7a5e5]   neostore.relationshiptypestore.db.id: 2024-05-14 20:33:14.846+0000 - 0B
                                                                [neo4j/40b7a5e5]   neostore.relationshiptypestore.db.names: 2024-05-14 20:33:14.844+0000 - 8.000KiB
                                                                [neo4j/40b7a5e5]   neostore.relationshiptypestore.db.names.id: 2024-05-14 20:33:14.842+0000 - 0B
                                                                [neo4j/40b7a5e5]   neostore.schemastore.db: 2024-05-14 20:33:14.858+0000 - 8.000KiB
                                                                [neo4j/40b7a5e5]   neostore.schemastore.db.id: 2024-05-14 20:33:14.856+0000 - 0B
                                                                [neo4j/40b7a5e5] Storage summary: 
                                                                [neo4j/40b7a5e5]   Total size of store: 72.00KiB
                                                                [neo4j/40b7a5e5]   Total size of mapped files: 72.00KiB
                                                                [neo4j/40b7a5e5] 
                                                                [neo4j/40b7a5e5] --------------------------------------------------------------------------------
                                                                [neo4j/40b7a5e5]                               [ Transaction log ]                               
                                                                [neo4j/40b7a5e5] --------------------------------------------------------------------------------
                                                                [neo4j/40b7a5e5] Transaction log files stored on file store: 9p
                                                                [neo4j/40b7a5e5] Transaction log metadata:
                                                                [neo4j/40b7a5e5]  - current kernel version used in transactions: V5_19
                                                                [neo4j/40b7a5e5]  - last committed transaction id: 1
                                                                [neo4j/40b7a5e5] Transaction log files:
                                                                [neo4j/40b7a5e5]  - existing transaction log versions: -1--1
                                                                [neo4j/40b7a5e5]  - no transactions found
                                                                [neo4j/40b7a5e5] Checkpoint log files:
                                                                [neo4j/40b7a5e5]  - existing checkpoint log versions: -1--1
                                                                [neo4j/40b7a5e5]  - no checkpoints found
                                                                [neo4j/40b7a5e5] 
                                                                [neo4j/40b7a5e5] --------------------------------------------------------------------------------
                                                                [neo4j/40b7a5e5]                                   [ Id usage ]                                  
                                                                [neo4j/40b7a5e5] --------------------------------------------------------------------------------
                                                                [neo4j/40b7a5e5] ArrayPropertyStore[neostore.nodestore.db.labels]: used=1 high=0
                                                                [neo4j/40b7a5e5] NodeStore[neostore.nodestore.db]: used=0 high=-1
                                                                [neo4j/40b7a5e5] StringPropertyStore[neostore.propertystore.db.index.keys]: used=1 high=0
                                                                [neo4j/40b7a5e5] PropertyIndexStore[neostore.propertystore.db.index]: used=0 high=-1
                                                                [neo4j/40b7a5e5] StringPropertyStore[neostore.propertystore.db.strings]: used=1 high=0
                                                                [neo4j/40b7a5e5] ArrayPropertyStore[neostore.propertystore.db.arrays]: used=1 high=0
                                                                [neo4j/40b7a5e5] PropertyStore[neostore.propertystore.db]: used=0 high=-1
                                                                [neo4j/40b7a5e5] RelationshipStore[neostore.relationshipstore.db]: used=0 high=-1
                                                                [neo4j/40b7a5e5] StringPropertyStore[neostore.relationshiptypestore.db.names]: used=1 high=0
                                                                [neo4j/40b7a5e5] RelationshipTypeStore[neostore.relationshiptypestore.db]: used=0 high=-1
                                                                [neo4j/40b7a5e5] StringPropertyStore[neostore.labeltokenstore.db.names]: used=1 high=0
                                                                [neo4j/40b7a5e5] LabelTokenStore[neostore.labeltokenstore.db]: used=0 high=-1
                                                                [neo4j/40b7a5e5] SchemaStore[neostore.schemastore.db]: used=1 high=0
                                                                [neo4j/40b7a5e5] RelationshipGroupStore[neostore.relationshipgroupstore.db]: used=1 high=0
                                                                [neo4j/40b7a5e5] NeoStore[neostore]: used=-1 high=-1
                                                                [neo4j/40b7a5e5] 
                                                                [neo4j/40b7a5e5] --------------------------------------------------------------------------------
                                                                [neo4j/40b7a5e5]                                   [ Metadata ]                                  
                                                                [neo4j/40b7a5e5] --------------------------------------------------------------------------------
                                                                [neo4j/40b7a5e5] EXTERNAL_STORE_UUID (Database identifier exposed as external store identity. Generated on creation and never updated): 9d9993fb-4492-42c1-9d16-a0d59fde452b
                                                                [neo4j/40b7a5e5] DATABASE_ID (The last used DatabaseId for this database): null
                                                                [neo4j/40b7a5e5] LEGACY_STORE_VERSION (Legacy store format version. This field is used from 5.0 onwards only to distinguish non-migrated pre 5.0 metadata stores.): -3523014627327384477
                                                                [neo4j/40b7a5e5] STORE_ID (Store ID): StoreId{creationTime=1715718794866, random=5091556450664509843, storageEngineName='record', formatName='aligned', majorVersion=1, minorVersion=1}
                                                                [neo4j/40b7a5e5] 
2024-05-14 20:33:14.915+0000 INFO  [o.n.k.a.DatabaseAvailabilityGuard] [neo4j/40b7a5e5] Requirement `Database unavailable` makes database neo4j unavailable.
2024-05-14 20:33:14.915+0000 INFO  [o.n.k.a.DatabaseAvailabilityGuard] [neo4j/40b7a5e5] DatabaseId{40b7a5e5[neo4j]} is unavailable.
2024-05-14 20:33:14.921+0000 WARN  [o.n.k.i.s.MetaDataStore] [neo4j/40b7a5e5] Missing counts store, rebuilding it.
2024-05-14 20:33:14.921+0000 WARN  [o.n.k.i.s.MetaDataStore] [neo4j/40b7a5e5] Counts store rebuild completed.
2024-05-14 20:33:14.923+0000 WARN  [o.n.k.i.t.l.f.LogFileChannelNativeAccessor] [neo4j/40b7a5e5] Error on attempt to preallocate log file version: 0. Error: ErrorCode=-1, errorMessage='Incorrect file descriptor.'
2024-05-14 20:33:14.925+0000 INFO  [o.n.k.d.Database] [neo4j/40b7a5e5] Starting transaction log [/data/transactions/neo4j/neostore.transaction.db.0] at version=0
2024-05-14 20:33:14.927+0000 WARN  [o.n.k.i.t.l.f.c.CheckpointFileChannelNativeAccessor] [neo4j/40b7a5e5] Error on attempt to preallocate log file version: 0. Error: ErrorCode=-1, errorMessage='Incorrect file descriptor.'
2024-05-14 20:33:14.929+0000 INFO  [o.n.k.d.Database] [neo4j/40b7a5e5] Starting transaction log [/data/transactions/neo4j/checkpoint.0] at version=0
2024-05-14 20:33:14.937+0000 WARN  [o.n.k.i.t.l.f.c.CheckpointFileChannelNativeAccessor] [neo4j/40b7a5e5] Unable to advise sequential access for transaction log version: 0. Error: ErrorCode=-1, errorMessage='Incorrect file descriptor.'
2024-05-14 20:33:14.937+0000 WARN  [o.n.k.i.t.l.f.c.CheckpointFileChannelNativeAccessor] [neo4j/40b7a5e5] Unable to advise preserve data in cache for transaction log version: 0. Error: ErrorCode=-1, errorMessage='Incorrect file descriptor.'
2024-05-14 20:33:14.937+0000 INFO  [o.n.k.i.t.l.f.c.CheckpointLogFile] [neo4j/40b7a5e5] Scanning log file with version 0 for checkpoint entries
2024-05-14 20:33:14.937+0000 WARN  [o.n.k.i.t.l.f.c.CheckpointFileChannelNativeAccessor] [neo4j/40b7a5e5] Unable to evict transaction log from cache with version: 0. Error: ErrorCode=-1, errorMessage='Incorrect file descriptor.'
2024-05-14 20:33:14.939+0000 WARN  [o.n.k.i.t.l.f.LogFileChannelNativeAccessor] [neo4j/40b7a5e5] Unable to advise sequential access for transaction log version: 0. Error: ErrorCode=-1, errorMessage='Incorrect file descriptor.'
2024-05-14 20:33:14.939+0000 WARN  [o.n.k.i.t.l.f.LogFileChannelNativeAccessor] [neo4j/40b7a5e5] Unable to advise preserve data in cache for transaction log version: 0. Error: ErrorCode=-1, errorMessage='Incorrect file descriptor.'
2024-05-14 20:33:14.939+0000 WARN  [o.n.k.i.t.l.f.LogFileChannelNativeAccessor] [neo4j/40b7a5e5] Unable to evict transaction log from cache with version: 0. Error: ErrorCode=-1, errorMessage='Incorrect file descriptor.'
2024-05-14 20:33:14.941+0000 WARN  [o.n.k.i.t.l.f.LogFileChannelNativeAccessor] [neo4j/40b7a5e5] Unable to advise sequential access for transaction log version: 0. Error: ErrorCode=-1, errorMessage='Incorrect file descriptor.'
2024-05-14 20:33:14.941+0000 WARN  [o.n.k.i.t.l.f.LogFileChannelNativeAccessor] [neo4j/40b7a5e5] Unable to advise preserve data in cache for transaction log version: 0. Error: ErrorCode=-1, errorMessage='Incorrect file descriptor.'
2024-05-14 20:33:14.941+0000 WARN  [o.n.k.i.t.l.f.LogFileChannelNativeAccessor] [neo4j/40b7a5e5] Unable to evict transaction log from cache with version: 0. Error: ErrorCode=-1, errorMessage='Incorrect file descriptor.'
2024-05-14 20:33:14.943+0000 INFO  [o.n.k.a.DatabaseAvailabilityGuard] [neo4j/40b7a5e5] Fulfilling of requirement 'Database unavailable' makes database neo4j available.
2024-05-14 20:33:14.943+0000 INFO  [o.n.k.a.DatabaseAvailabilityGuard] [neo4j/40b7a5e5] DatabaseId{40b7a5e5[neo4j]} is ready.
2024-05-14 20:33:14.950+0000 INFO  [o.n.k.i.a.i.IndexPopulationJob] [neo4j/40b7a5e5] Index population started: [Index( id=2, name='index_f7700477', type='LOOKUP', schema=()-[:<any-types>]-(), indexProvider='token-lookup-1.0' )]
2024-05-14 20:33:14.966+0000 INFO  [o.n.k.i.a.i.IndexPopulationJob] [neo4j/40b7a5e5] Index creation finished for index [Index( id=2, name='index_f7700477', type='LOOKUP', schema=()-[:<any-types>]-(), indexProvider='token-lookup-1.0' )].
2024-05-14 20:33:14.977+0000 INFO  [o.n.k.i.a.i.IndexPopulationJob] [neo4j/40b7a5e5] Index population started: [Index( id=1, name='index_343aff4e', type='LOOKUP', schema=(:<any-labels>), indexProvider='token-lookup-1.0' )]
2024-05-14 20:33:14.987+0000 INFO  [o.n.k.i.a.i.IndexPopulationJob] [neo4j/40b7a5e5] Index creation finished for index [Index( id=1, name='index_343aff4e', type='LOOKUP', schema=(:<any-labels>), indexProvider='token-lookup-1.0' )].
2024-05-14 20:33:14.995+0000 INFO  [o.n.k.i.t.l.c.CheckPointerImpl] [neo4j/40b7a5e5] Checkpoint triggered by "Database init completed." @ txId: 3 checkpoint started...
2024-05-14 20:33:15.065+0000 INFO  [o.n.k.i.t.l.c.CheckPointerImpl] [neo4j/40b7a5e5] Checkpoint triggered by "Database init completed." @ txId: 3 checkpoint completed in 69ms. Checkpoint flushed 74 pages (0% of total available pages), in 58 IOs. Checkpoint performed with IO limit: unlimited, paused in total 0 times( 0 millis).
2024-05-14 20:33:15.066+0000 INFO  [o.n.k.i.t.l.p.LogPruningImpl] [neo4j/40b7a5e5] No log version pruned. The strategy used was '2 days'. 
2024-05-14 20:33:15.106+0000 INFO  [o.n.b.p.c.c.n.SocketNettyConnector] Bolt enabled on 0.0.0.0:7687.
2024-05-14 20:33:15.107+0000 WARN  [i.n.b.ServerBootstrap] Unknown channel option 'SO_REUSEADDR' for channel '[id: 0xe7e501a6]'
2024-05-14 20:33:15.112+0000 INFO  [o.n.b.BoltServer] Bolt server started
2024-05-14 20:33:15.112+0000 INFO  [o.n.s.A.ServerComponentsLifecycleAdapter] Starting web server
2024-05-14 20:33:15.624+0000 INFO  [o.n.s.CommunityNeoWebServer] HTTP enabled on 0.0.0.0:7474.
2024-05-14 20:33:15.625+0000 INFO  [o.n.s.CommunityNeoWebServer] Remote interface available at http://localhost:7474/
2024-05-14 20:33:15.625+0000 INFO  [o.n.s.A.ServerComponentsLifecycleAdapter] Web server started.
2024-05-14 20:33:15.628+0000 INFO  [o.n.g.f.DatabaseManagementServiceFactory] id: 7E523FE2CE54164CA2CF44662EDF5E0BDCD89C2EE224D89D476EBC5B01B17D35
2024-05-14 20:33:15.628+0000 INFO  [o.n.g.f.DatabaseManagementServiceFactory] name: system
2024-05-14 20:33:15.629+0000 INFO  [o.n.g.f.DatabaseManagementServiceFactory] creationDate: 2024-05-14T20:33:13.846Z
2024-05-14 20:36:46.936+0000 INFO  [o.n.c.i.c.CypherQueryCaches] [neo4j/40b7a5e5] Discarded stale query from the query cache after 159 seconds. Reason: NodesAllCardinality changed from 10.0 to 952.0, which is a divergence of 0.9894957983193278 which is greater than threshold 0.7221054588535385. Query id: 2067.
2024-05-14 20:36:46.972+0000 INFO  [o.n.c.i.c.CypherQueryCaches] [neo4j/40b7a5e5] Discarded stale query from the query cache after 159 seconds. Reason: NodesAllCardinality changed from 10.0 to 958.0, which is a divergence of 0.9895615866388309 which is greater than threshold 0.722223344640106. Query id: 2085.
2024-05-14 20:36:52.620+0000 INFO  [o.n.c.i.c.CypherQueryCaches] [neo4j/40b7a5e5] Discarded stale query from the query cache after 10 seconds. Reason: NodesAllCardinality changed from 10.0 to 2369.0, which is a divergence of 0.9957788096243141 which is greater than threshold 0.75. Query id: 4908.
2024-05-14 20:36:52.645+0000 INFO  [o.n.c.i.c.CypherQueryCaches] [neo4j/40b7a5e5] Discarded stale query from the query cache after 10 seconds. Reason: NodesAllCardinality changed from 10.0 to 2373.0, which is a divergence of 0.9957859249894648 which is greater than threshold 0.7499992258840861. Query id: 4915.
2024-05-14 20:36:52.725+0000 INFO  [o.n.c.i.c.CypherQueryCaches] [neo4j/40b7a5e5] Discarded stale query from the query cache after 10 seconds. Reason: NodesWithLabelCardinality(Some(LabelId(1))) changed from 10.0 to 2377.0, which is a divergence of 0.995793016407236 which is greater than threshold 0.749989936617762. Query id: 4939.
2024-05-14 20:36:52.743+0000 INFO  [o.n.c.i.c.CypherQueryCaches] [neo4j/40b7a5e5] Discarded stale query from the query cache after 10 seconds. Reason: NodesAllCardinality changed from 11.0 to 2385.0, which is a divergence of 0.9953878406708595 which is greater than threshold 0.7499885819523153. Query id: 4940.
2024-05-14 20:37:06.934+0000 INFO  [o.n.c.i.c.CypherQueryCaches] [neo4j/40b7a5e5] Discarded stale query from the query cache after 19 seconds. Reason: NodesAllCardinality changed from 957.0 to 5734.0, which is a divergence of 0.8331008022322985 which is greater than threshold 0.7480793160078283. Query id: 11639.
2024-05-14 20:37:06.974+0000 INFO  [o.n.c.i.c.CypherQueryCaches] [neo4j/40b7a5e5] Discarded stale query from the query cache after 19 seconds. Reason: NodesAllCardinality changed from 962.0 to 5740.0, which is a divergence of 0.832404181184669 which is greater than threshold 0.7480750801688613. Query id: 11655.
2024-05-14 20:37:32.639+0000 INFO  [o.n.c.i.c.CypherQueryCaches] [neo4j/40b7a5e5] Discarded stale query from the query cache after 40 seconds. Reason: NodesAllCardinality changed from 2369.0 to 10818.0, which is a divergence of 0.7810131262710298 which is greater than threshold 0.7442368179872694. Query id: 21820.
2024-05-14 20:37:32.670+0000 INFO  [o.n.c.i.c.CypherQueryCaches] [neo4j/40b7a5e5] Discarded stale query from the query cache after 40 seconds. Reason: NodesWithLabelCardinality(Some(LabelId(1))) changed from 2365.0 to 10815.0, which is a divergence of 0.7813222376329172 which is greater than threshold 0.7442368179872694. Query id: 21829.
2024-05-14 20:37:32.896+0000 INFO  [o.n.c.i.c.CypherQueryCaches] [neo4j/40b7a5e5] Discarded stale query from the query cache after 40 seconds. Reason: NodesWithLabelCardinality(Some(LabelId(1))) changed from 2377.0 to 10853.0, which is a divergence of 0.7809822168985534 which is greater than threshold 0.74420861523546. Query id: 21905.
2024-05-14 20:37:32.913+0000 INFO  [o.n.c.i.c.CypherQueryCaches] [neo4j/40b7a5e5] Discarded stale query from the query cache after 40 seconds. Reason: NodesAllCardinality changed from 2385.0 to 10861.0, which is a divergence of 0.7804069606850198 which is greater than threshold 0.7442074719257407. Query id: 21906.
2024-05-14 20:48:24.102+0000 INFO  [o.n.k.i.t.l.c.CheckPointerImpl] [system/00000000] Checkpoint triggered by "Scheduled checkpoint for every 15 minutes threshold" @ txId: 37 checkpoint started...
2024-05-14 20:48:24.210+0000 INFO  [o.n.k.i.t.l.c.CheckPointerImpl] [system/00000000] Checkpoint triggered by "Scheduled checkpoint for every 15 minutes threshold" @ txId: 37 checkpoint completed in 107ms. Checkpoint flushed 69 pages (0% of total available pages), in 69 IOs. Checkpoint performed with IO limit: unlimited, paused in total 0 times( 0 millis).
2024-05-14 20:48:24.210+0000 INFO  [o.n.k.i.t.l.p.LogPruningImpl] [system/00000000] No log version pruned. The strategy used was '2 days'. 
2024-05-14 20:48:24.957+0000 INFO  [o.n.k.i.t.l.c.CheckPointerImpl] [neo4j/40b7a5e5] Checkpoint triggered by "Scheduled checkpoint for every 15 minutes threshold" @ txId: 14825 checkpoint started...
2024-05-14 20:48:25.035+0000 INFO  [o.n.k.i.t.l.c.CheckPointerImpl] [neo4j/40b7a5e5] Checkpoint triggered by "Scheduled checkpoint for every 15 minutes threshold" @ txId: 14825 checkpoint completed in 77ms. Checkpoint flushed 147 pages (0% of total available pages), in 102 IOs. Checkpoint performed with IO limit: unlimited, paused in total 0 times( 0 millis).
2024-05-14 20:48:25.036+0000 INFO  [o.n.k.i.t.l.p.LogPruningImpl] [neo4j/40b7a5e5] No log version pruned. The strategy used was '2 days'. 
2024-05-14 20:53:27.339+0000 INFO  [o.n.c.i.c.CypherQueryCaches] [neo4j/40b7a5e5] Discarded stale query from the query cache after 980 seconds. Reason: NodesAllCardinality changed from 5738.0 to 45324.0, which is a divergence of 0.8734004059659342 which is greater than threshold 0.5998121842562707. Query id: 30148.
2024-05-14 20:53:27.382+0000 INFO  [o.n.c.i.c.CypherQueryCaches] [neo4j/40b7a5e5] Discarded stale query from the query cache after 980 seconds. Reason: CardinalityByLabelsAndRelationshipType(None,None,None) changed from 3.0 to 316343.0, which is a divergence of 0.9999905166227797 which is greater than threshold 0.5998094610834621. Query id: 30154.
2024-05-14 20:55:06.129+0000 INFO  [o.n.c.i.c.CypherQueryCaches] [neo4j/40b7a5e5] Discarded stale query from the query cache after 792 seconds. Reason: CardinalityByLabelsAndRelationshipType(None,None,None) changed from 3.0 to 316343.0, which is a divergence of 0.9999905166227797 which is greater than threshold 0.6240090542995388. Query id: 30185.
2024-05-14 21:03:25.052+0000 INFO  [o.n.k.i.t.l.c.CheckPointerImpl] [neo4j/40b7a5e5] Checkpoint triggered by "Scheduled checkpoint for every 15 minutes threshold" @ txId: 14826 checkpoint started...
2024-05-14 21:03:25.214+0000 INFO  [o.n.k.i.t.l.c.CheckPointerImpl] [neo4j/40b7a5e5] Checkpoint triggered by "Scheduled checkpoint for every 15 minutes threshold" @ txId: 14826 checkpoint completed in 161ms. Checkpoint flushed 2152 pages (3% of total available pages), in 294 IOs. Checkpoint performed with IO limit: unlimited, paused in total 0 times( 0 millis).
2024-05-14 21:03:25.215+0000 INFO  [o.n.k.i.t.l.p.LogPruningImpl] [neo4j/40b7a5e5] No log version pruned. The strategy used was '2 days'. 
